{"C:\\Users\\youse\\repos\\javascript-test\\src\\core.js": {"path":"C:\\Users\\youse\\repos\\javascript-test\\src\\core.js","all":false,"statementMap":{"0":{"start":{"line":1,"column":0},"end":{"line":1,"column":36}},"1":{"start":{"line":2,"column":0},"end":{"line":2,"column":30}},"2":{"start":{"line":3,"column":0},"end":{"line":3,"column":9}},"3":{"start":{"line":4,"column":0},"end":{"line":4,"column":39}},"4":{"start":{"line":5,"column":0},"end":{"line":5,"column":43}},"5":{"start":{"line":6,"column":0},"end":{"line":6,"column":3}},"6":{"start":{"line":7,"column":0},"end":{"line":7,"column":1}},"8":{"start":{"line":9,"column":0},"end":{"line":9,"column":40}},"9":{"start":{"line":10,"column":0},"end":{"line":10,"column":56}},"10":{"start":{"line":11,"column":0},"end":{"line":11,"column":47}},"11":{"start":{"line":12,"column":0},"end":{"line":12,"column":25}},"12":{"start":{"line":13,"column":0},"end":{"line":13,"column":2}},"14":{"start":{"line":15,"column":0},"end":{"line":15,"column":40}},"15":{"start":{"line":16,"column":0},"end":{"line":16,"column":33}},"16":{"start":{"line":17,"column":0},"end":{"line":17,"column":2}},"18":{"start":{"line":19,"column":0},"end":{"line":19,"column":18}},"19":{"start":{"line":20,"column":0},"end":{"line":20,"column":33}},"20":{"start":{"line":21,"column":0},"end":{"line":21,"column":17}},"21":{"start":{"line":22,"column":0},"end":{"line":22,"column":40}},"22":{"start":{"line":23,"column":0},"end":{"line":23,"column":17}},"23":{"start":{"line":24,"column":0},"end":{"line":24,"column":2}},"25":{"start":{"line":26,"column":0},"end":{"line":26,"column":33}},"26":{"start":{"line":27,"column":0},"end":{"line":27,"column":1}},"28":{"start":{"line":29,"column":0},"end":{"line":29,"column":42}},"29":{"start":{"line":30,"column":0},"end":{"line":30,"column":50}},"30":{"start":{"line":31,"column":0},"end":{"line":31,"column":17}},"32":{"start":{"line":33,"column":0},"end":{"line":33,"column":59}},"33":{"start":{"line":34,"column":0},"end":{"line":34,"column":34}},"34":{"start":{"line":35,"column":0},"end":{"line":35,"column":2}},"36":{"start":{"line":37,"column":0},"end":{"line":37,"column":43}},"37":{"start":{"line":38,"column":0},"end":{"line":38,"column":29}},"38":{"start":{"line":39,"column":0},"end":{"line":39,"column":2}},"40":{"start":{"line":41,"column":0},"end":{"line":41,"column":74}},"41":{"start":{"line":42,"column":0},"end":{"line":42,"column":1}},"43":{"start":{"line":44,"column":0},"end":{"line":44,"column":27}},"44":{"start":{"line":45,"column":0},"end":{"line":45,"column":49}},"45":{"start":{"line":46,"column":0},"end":{"line":46,"column":37}},"46":{"start":{"line":47,"column":0},"end":{"line":47,"column":1}},"48":{"start":{"line":49,"column":0},"end":{"line":49,"column":29}},"49":{"start":{"line":50,"column":0},"end":{"line":50,"column":43}},"50":{"start":{"line":51,"column":0},"end":{"line":51,"column":21}},"51":{"start":{"line":52,"column":0},"end":{"line":52,"column":22}},"53":{"start":{"line":54,"column":0},"end":{"line":54,"column":69}},"54":{"start":{"line":55,"column":0},"end":{"line":55,"column":1}},"56":{"start":{"line":57,"column":0},"end":{"line":57,"column":29}},"57":{"start":{"line":58,"column":0},"end":{"line":58,"column":44}},"58":{"start":{"line":59,"column":0},"end":{"line":59,"column":26}},"59":{"start":{"line":60,"column":0},"end":{"line":60,"column":9}},"60":{"start":{"line":61,"column":0},"end":{"line":61,"column":9}},"61":{"start":{"line":62,"column":0},"end":{"line":62,"column":3}},"63":{"start":{"line":64,"column":0},"end":{"line":64,"column":37}},"64":{"start":{"line":65,"column":0},"end":{"line":65,"column":32}},"65":{"start":{"line":66,"column":0},"end":{"line":66,"column":2}},"67":{"start":{"line":68,"column":0},"end":{"line":68,"column":44}},"68":{"start":{"line":69,"column":0},"end":{"line":69,"column":1}},"70":{"start":{"line":71,"column":0},"end":{"line":71,"column":36}},"71":{"start":{"line":72,"column":0},"end":{"line":72,"column":29}},"72":{"start":{"line":73,"column":0},"end":{"line":73,"column":34}},"73":{"start":{"line":74,"column":0},"end":{"line":74,"column":20}},"74":{"start":{"line":75,"column":0},"end":{"line":75,"column":26}},"75":{"start":{"line":76,"column":0},"end":{"line":76,"column":17}},"76":{"start":{"line":77,"column":0},"end":{"line":77,"column":5}},"77":{"start":{"line":78,"column":0},"end":{"line":78,"column":4}},"78":{"start":{"line":79,"column":0},"end":{"line":79,"column":1}},"80":{"start":{"line":81,"column":0},"end":{"line":81,"column":29}},"81":{"start":{"line":82,"column":0},"end":{"line":82,"column":20}},"82":{"start":{"line":83,"column":0},"end":{"line":83,"column":16}},"83":{"start":{"line":84,"column":0},"end":{"line":84,"column":18}},"84":{"start":{"line":85,"column":0},"end":{"line":85,"column":2}},"86":{"start":{"line":87,"column":0},"end":{"line":87,"column":13}},"87":{"start":{"line":88,"column":0},"end":{"line":88,"column":24}},"88":{"start":{"line":89,"column":0},"end":{"line":89,"column":2}},"90":{"start":{"line":91,"column":0},"end":{"line":91,"column":8}},"91":{"start":{"line":92,"column":0},"end":{"line":92,"column":23}},"92":{"start":{"line":93,"column":0},"end":{"line":93,"column":37}},"93":{"start":{"line":94,"column":0},"end":{"line":94,"column":3}},"94":{"start":{"line":95,"column":0},"end":{"line":95,"column":26}},"95":{"start":{"line":96,"column":0},"end":{"line":96,"column":2}},"97":{"start":{"line":98,"column":0},"end":{"line":98,"column":9}},"98":{"start":{"line":99,"column":0},"end":{"line":99,"column":23}},"99":{"start":{"line":100,"column":0},"end":{"line":100,"column":37}},"100":{"start":{"line":101,"column":0},"end":{"line":101,"column":3}},"101":{"start":{"line":102,"column":0},"end":{"line":102,"column":43}},"102":{"start":{"line":103,"column":0},"end":{"line":103,"column":2}},"104":{"start":{"line":105,"column":0},"end":{"line":105,"column":12}},"105":{"start":{"line":106,"column":0},"end":{"line":106,"column":33}},"106":{"start":{"line":107,"column":0},"end":{"line":107,"column":2}},"108":{"start":{"line":109,"column":0},"end":{"line":109,"column":9}},"109":{"start":{"line":110,"column":0},"end":{"line":110,"column":27}},"110":{"start":{"line":111,"column":0},"end":{"line":111,"column":2}},"112":{"start":{"line":113,"column":0},"end":{"line":113,"column":10}},"113":{"start":{"line":114,"column":0},"end":{"line":114,"column":18}},"114":{"start":{"line":115,"column":0},"end":{"line":115,"column":2}},"115":{"start":{"line":116,"column":0},"end":{"line":116,"column":1}},"117":{"start":{"line":118,"column":0},"end":{"line":118,"column":23}},"118":{"start":{"line":119,"column":0},"end":{"line":119,"column":40}},"119":{"start":{"line":120,"column":0},"end":{"line":120,"column":19}},"120":{"start":{"line":121,"column":0},"end":{"line":121,"column":10}},"121":{"start":{"line":122,"column":0},"end":{"line":122,"column":18}},"122":{"start":{"line":123,"column":0},"end":{"line":123,"column":63}},"123":{"start":{"line":124,"column":0},"end":{"line":124,"column":4}},"125":{"start":{"line":126,"column":0},"end":{"line":126,"column":24}},"126":{"start":{"line":127,"column":0},"end":{"line":127,"column":10}},"127":{"start":{"line":128,"column":0},"end":{"line":128,"column":18}},"128":{"start":{"line":129,"column":0},"end":{"line":129,"column":65}},"129":{"start":{"line":130,"column":0},"end":{"line":130,"column":4}},"131":{"start":{"line":132,"column":0},"end":{"line":132,"column":73}},"132":{"start":{"line":133,"column":0},"end":{"line":133,"column":1}},"134":{"start":{"line":135,"column":0},"end":{"line":135,"column":44}},"135":{"start":{"line":136,"column":0},"end":{"line":136,"column":59}},"136":{"start":{"line":137,"column":0},"end":{"line":137,"column":27}},"137":{"start":{"line":138,"column":0},"end":{"line":138,"column":15}},"138":{"start":{"line":139,"column":0},"end":{"line":139,"column":2}},"140":{"start":{"line":141,"column":0},"end":{"line":141,"column":64}},"141":{"start":{"line":142,"column":0},"end":{"line":142,"column":31}},"142":{"start":{"line":143,"column":0},"end":{"line":143,"column":15}},"143":{"start":{"line":144,"column":0},"end":{"line":144,"column":2}},"145":{"start":{"line":146,"column":0},"end":{"line":146,"column":64}},"146":{"start":{"line":147,"column":0},"end":{"line":147,"column":31}},"147":{"start":{"line":148,"column":0},"end":{"line":148,"column":15}},"148":{"start":{"line":149,"column":0},"end":{"line":149,"column":2}},"150":{"start":{"line":151,"column":0},"end":{"line":151,"column":62}},"151":{"start":{"line":152,"column":0},"end":{"line":152,"column":28}},"152":{"start":{"line":153,"column":0},"end":{"line":153,"column":15}},"153":{"start":{"line":154,"column":0},"end":{"line":154,"column":2}},"155":{"start":{"line":156,"column":0},"end":{"line":156,"column":57}},"156":{"start":{"line":157,"column":0},"end":{"line":157,"column":13}},"157":{"start":{"line":158,"column":0},"end":{"line":158,"column":1}}},"s":{"0":1,"1":1,"2":3,"3":3,"4":3,"5":3,"6":3,"8":1,"9":1,"10":6,"11":2,"12":2,"14":6,"15":1,"16":1,"18":3,"19":6,"20":1,"21":6,"22":1,"23":1,"25":3,"26":3,"28":1,"29":1,"30":6,"32":6,"33":3,"34":3,"36":6,"37":3,"38":3,"40":6,"41":6,"43":1,"44":1,"45":0,"46":0,"48":1,"49":1,"50":0,"51":0,"53":0,"54":0,"56":1,"57":1,"58":0,"59":0,"60":0,"61":0,"63":0,"64":0,"65":0,"67":0,"68":0,"70":1,"71":1,"72":0,"73":0,"74":0,"75":0,"76":0,"77":0,"78":0,"80":1,"81":1,"82":1,"83":0,"84":0,"86":1,"87":0,"88":0,"90":1,"91":0,"92":0,"93":0,"94":0,"95":0,"97":1,"98":0,"99":0,"100":0,"101":0,"102":0,"104":1,"105":0,"106":0,"108":1,"109":0,"110":0,"112":1,"113":0,"114":0,"115":1,"117":1,"118":1,"119":0,"120":0,"121":0,"122":0,"123":0,"125":0,"126":0,"127":0,"128":0,"129":0,"131":0,"132":0,"134":1,"135":0,"136":0,"137":0,"138":0,"140":0,"141":0,"142":0,"143":0,"145":0,"146":0,"147":0,"148":0,"150":0,"151":0,"152":0,"153":0,"155":0,"156":0,"157":0},"branchMap":{"0":{"type":"branch","line":2,"loc":{"start":{"line":2,"column":7},"end":{"line":7,"column":1}},"locations":[{"start":{"line":2,"column":7},"end":{"line":7,"column":1}}]},"1":{"type":"branch","line":10,"loc":{"start":{"line":10,"column":7},"end":{"line":27,"column":1}},"locations":[{"start":{"line":10,"column":7},"end":{"line":27,"column":1}}]},"2":{"type":"branch","line":11,"loc":{"start":{"line":11,"column":31},"end":{"line":11,"column":44}},"locations":[{"start":{"line":11,"column":31},"end":{"line":11,"column":44}}]},"3":{"type":"branch","line":11,"loc":{"start":{"line":11,"column":46},"end":{"line":13,"column":2}},"locations":[{"start":{"line":11,"column":46},"end":{"line":13,"column":2}}]},"4":{"type":"branch","line":13,"loc":{"start":{"line":13,"column":1},"end":{"line":15,"column":39}},"locations":[{"start":{"line":13,"column":1},"end":{"line":15,"column":39}}]},"5":{"type":"branch","line":15,"loc":{"start":{"line":15,"column":39},"end":{"line":17,"column":2}},"locations":[{"start":{"line":15,"column":39},"end":{"line":17,"column":2}}]},"6":{"type":"branch","line":17,"loc":{"start":{"line":17,"column":1},"end":{"line":20,"column":32}},"locations":[{"start":{"line":17,"column":1},"end":{"line":20,"column":32}}]},"7":{"type":"branch","line":20,"loc":{"start":{"line":20,"column":32},"end":{"line":22,"column":2}},"locations":[{"start":{"line":20,"column":32},"end":{"line":22,"column":2}}]},"8":{"type":"branch","line":22,"loc":{"start":{"line":22,"column":2},"end":{"line":24,"column":2}},"locations":[{"start":{"line":22,"column":2},"end":{"line":24,"column":2}}]},"9":{"type":"branch","line":22,"loc":{"start":{"line":22,"column":39},"end":{"line":24,"column":2}},"locations":[{"start":{"line":22,"column":39},"end":{"line":24,"column":2}}]},"10":{"type":"branch","line":24,"loc":{"start":{"line":24,"column":1},"end":{"line":27,"column":1}},"locations":[{"start":{"line":24,"column":1},"end":{"line":27,"column":1}}]},"11":{"type":"branch","line":30,"loc":{"start":{"line":30,"column":7},"end":{"line":42,"column":1}},"locations":[{"start":{"line":30,"column":7},"end":{"line":42,"column":1}}]},"12":{"type":"branch","line":33,"loc":{"start":{"line":33,"column":34},"end":{"line":33,"column":56}},"locations":[{"start":{"line":33,"column":34},"end":{"line":33,"column":56}}]},"13":{"type":"branch","line":33,"loc":{"start":{"line":33,"column":58},"end":{"line":35,"column":2}},"locations":[{"start":{"line":33,"column":58},"end":{"line":35,"column":2}}]},"14":{"type":"branch","line":37,"loc":{"start":{"line":37,"column":29},"end":{"line":37,"column":40}},"locations":[{"start":{"line":37,"column":29},"end":{"line":37,"column":40}}]},"15":{"type":"branch","line":37,"loc":{"start":{"line":37,"column":42},"end":{"line":39,"column":2}},"locations":[{"start":{"line":37,"column":42},"end":{"line":39,"column":2}}]},"16":{"type":"branch","line":41,"loc":{"start":{"line":41,"column":28},"end":{"line":41,"column":53}},"locations":[{"start":{"line":41,"column":28},"end":{"line":41,"column":53}}]},"17":{"type":"branch","line":41,"loc":{"start":{"line":41,"column":54},"end":{"line":41,"column":73}},"locations":[{"start":{"line":41,"column":54},"end":{"line":41,"column":73}}]}},"b":{"0":[3],"1":[6],"2":[5],"3":[2],"4":[4],"5":[1],"6":[3],"7":[1],"8":[2],"9":[1],"10":[3],"11":[6],"12":[5],"13":[3],"14":[4],"15":[3],"16":[1],"17":[5]},"fnMap":{"0":{"name":"getCoupons","decl":{"start":{"line":2,"column":7},"end":{"line":7,"column":1}},"loc":{"start":{"line":2,"column":7},"end":{"line":7,"column":1}},"line":2},"1":{"name":"calculateDiscount","decl":{"start":{"line":10,"column":7},"end":{"line":27,"column":1}},"loc":{"start":{"line":10,"column":7},"end":{"line":27,"column":1}},"line":10},"2":{"name":"validateUserInput","decl":{"start":{"line":30,"column":7},"end":{"line":42,"column":1}},"loc":{"start":{"line":30,"column":7},"end":{"line":42,"column":1}},"line":30},"3":{"name":"isPriceInRange","decl":{"start":{"line":45,"column":7},"end":{"line":47,"column":1}},"loc":{"start":{"line":45,"column":7},"end":{"line":47,"column":1}},"line":45},"4":{"name":"isValidUsername","decl":{"start":{"line":50,"column":7},"end":{"line":55,"column":1}},"loc":{"start":{"line":50,"column":7},"end":{"line":55,"column":1}},"line":50},"5":{"name":"canDrive","decl":{"start":{"line":58,"column":7},"end":{"line":69,"column":1}},"loc":{"start":{"line":58,"column":7},"end":{"line":69,"column":1}},"line":58},"6":{"name":"fetchData","decl":{"start":{"line":72,"column":7},"end":{"line":79,"column":1}},"loc":{"start":{"line":72,"column":7},"end":{"line":79,"column":1}},"line":72},"7":{"name":"Stack","decl":{"start":{"line":83,"column":1},"end":{"line":85,"column":2}},"loc":{"start":{"line":83,"column":1},"end":{"line":85,"column":2}},"line":83},"8":{"name":"push","decl":{"start":{"line":87,"column":1},"end":{"line":89,"column":2}},"loc":{"start":{"line":87,"column":1},"end":{"line":89,"column":2}},"line":87},"9":{"name":"pop","decl":{"start":{"line":91,"column":1},"end":{"line":96,"column":2}},"loc":{"start":{"line":91,"column":1},"end":{"line":96,"column":2}},"line":91},"10":{"name":"peek","decl":{"start":{"line":98,"column":1},"end":{"line":103,"column":2}},"loc":{"start":{"line":98,"column":1},"end":{"line":103,"column":2}},"line":98},"11":{"name":"isEmpty","decl":{"start":{"line":105,"column":1},"end":{"line":107,"column":2}},"loc":{"start":{"line":105,"column":1},"end":{"line":107,"column":2}},"line":105},"12":{"name":"size","decl":{"start":{"line":109,"column":1},"end":{"line":111,"column":2}},"loc":{"start":{"line":109,"column":1},"end":{"line":111,"column":2}},"line":109},"13":{"name":"clear","decl":{"start":{"line":113,"column":1},"end":{"line":115,"column":2}},"loc":{"start":{"line":113,"column":1},"end":{"line":115,"column":2}},"line":113},"14":{"name":"createProduct","decl":{"start":{"line":119,"column":7},"end":{"line":133,"column":1}},"loc":{"start":{"line":119,"column":7},"end":{"line":133,"column":1}},"line":119},"15":{"name":"isStrongPassword","decl":{"start":{"line":135,"column":7},"end":{"line":158,"column":1}},"loc":{"start":{"line":135,"column":7},"end":{"line":158,"column":1}},"line":135}},"f":{"0":3,"1":6,"2":6,"3":0,"4":0,"5":0,"6":0,"7":0,"8":0,"9":0,"10":0,"11":0,"12":0,"13":0,"14":0,"15":0}}
,"C:\\Users\\youse\\repos\\javascript-test\\src\\intro.js": {"path":"C:\\Users\\youse\\repos\\javascript-test\\src\\intro.js","all":false,"statementMap":{"0":{"start":{"line":1,"column":0},"end":{"line":1,"column":35}},"1":{"start":{"line":2,"column":0},"end":{"line":2,"column":27}},"2":{"start":{"line":3,"column":0},"end":{"line":3,"column":22}},"3":{"start":{"line":4,"column":0},"end":{"line":4,"column":1}},"5":{"start":{"line":6,"column":0},"end":{"line":6,"column":11}},"6":{"start":{"line":7,"column":0},"end":{"line":7,"column":29}},"7":{"start":{"line":8,"column":0},"end":{"line":8,"column":51}},"8":{"start":{"line":9,"column":0},"end":{"line":9,"column":32}},"9":{"start":{"line":10,"column":0},"end":{"line":10,"column":32}},"10":{"start":{"line":11,"column":0},"end":{"line":11,"column":21}},"11":{"start":{"line":12,"column":0},"end":{"line":12,"column":1}},"13":{"start":{"line":14,"column":0},"end":{"line":14,"column":30}},"14":{"start":{"line":15,"column":0},"end":{"line":15,"column":29}},"15":{"start":{"line":16,"column":0},"end":{"line":16,"column":34}},"17":{"start":{"line":18,"column":0},"end":{"line":18,"column":29}},"18":{"start":{"line":19,"column":0},"end":{"line":19,"column":1}},"20":{"start":{"line":21,"column":0},"end":{"line":21,"column":39}},"21":{"start":{"line":22,"column":0},"end":{"line":22,"column":34}},"22":{"start":{"line":23,"column":0},"end":{"line":23,"column":24}},"23":{"start":{"line":24,"column":0},"end":{"line":24,"column":16}},"24":{"start":{"line":25,"column":0},"end":{"line":25,"column":2}},"26":{"start":{"line":27,"column":0},"end":{"line":27,"column":52}},"27":{"start":{"line":28,"column":0},"end":{"line":28,"column":1}}},"s":{"0":1,"1":1,"2":3,"3":3,"5":1,"6":1,"7":4,"8":4,"9":4,"10":1,"11":1,"13":1,"14":10,"15":10,"17":5,"18":5,"20":1,"21":3,"22":3,"23":1,"24":1,"26":1,"27":1},"branchMap":{"0":{"type":"branch","line":2,"loc":{"start":{"line":2,"column":7},"end":{"line":4,"column":1}},"locations":[{"start":{"line":2,"column":7},"end":{"line":4,"column":1}}]},"1":{"type":"branch","line":3,"loc":{"start":{"line":3,"column":14},"end":{"line":3,"column":17}},"locations":[{"start":{"line":3,"column":14},"end":{"line":3,"column":17}}]},"2":{"type":"branch","line":3,"loc":{"start":{"line":3,"column":18},"end":{"line":3,"column":21}},"locations":[{"start":{"line":3,"column":18},"end":{"line":3,"column":21}}]},"3":{"type":"branch","line":7,"loc":{"start":{"line":7,"column":7},"end":{"line":12,"column":1}},"locations":[{"start":{"line":7,"column":7},"end":{"line":12,"column":1}}]},"4":{"type":"branch","line":8,"loc":{"start":{"line":8,"column":17},"end":{"line":8,"column":31}},"locations":[{"start":{"line":8,"column":17},"end":{"line":8,"column":31}}]},"5":{"type":"branch","line":8,"loc":{"start":{"line":8,"column":33},"end":{"line":8,"column":51}},"locations":[{"start":{"line":8,"column":33},"end":{"line":8,"column":51}}]},"6":{"type":"branch","line":8,"loc":{"start":{"line":8,"column":50},"end":{"line":9,"column":18}},"locations":[{"start":{"line":8,"column":50},"end":{"line":9,"column":18}}]},"7":{"type":"branch","line":9,"loc":{"start":{"line":9,"column":18},"end":{"line":9,"column":32}},"locations":[{"start":{"line":9,"column":18},"end":{"line":9,"column":32}}]},"8":{"type":"branch","line":9,"loc":{"start":{"line":9,"column":31},"end":{"line":10,"column":18}},"locations":[{"start":{"line":9,"column":31},"end":{"line":10,"column":18}}]},"9":{"type":"branch","line":10,"loc":{"start":{"line":10,"column":18},"end":{"line":12,"column":1}},"locations":[{"start":{"line":10,"column":18},"end":{"line":12,"column":1}}]},"10":{"type":"branch","line":14,"loc":{"start":{"line":14,"column":7},"end":{"line":19,"column":1}},"locations":[{"start":{"line":14,"column":7},"end":{"line":19,"column":1}}]},"11":{"type":"branch","line":15,"loc":{"start":{"line":15,"column":12},"end":{"line":15,"column":29}},"locations":[{"start":{"line":15,"column":12},"end":{"line":15,"column":29}}]},"12":{"type":"branch","line":15,"loc":{"start":{"line":15,"column":28},"end":{"line":16,"column":13}},"locations":[{"start":{"line":15,"column":28},"end":{"line":16,"column":13}}]},"13":{"type":"branch","line":16,"loc":{"start":{"line":16,"column":13},"end":{"line":16,"column":23}},"locations":[{"start":{"line":16,"column":13},"end":{"line":16,"column":23}}]},"14":{"type":"branch","line":16,"loc":{"start":{"line":16,"column":25},"end":{"line":16,"column":34}},"locations":[{"start":{"line":16,"column":25},"end":{"line":16,"column":34}}]},"15":{"type":"branch","line":16,"loc":{"start":{"line":16,"column":33},"end":{"line":19,"column":1}},"locations":[{"start":{"line":16,"column":33},"end":{"line":19,"column":1}}]},"16":{"type":"branch","line":21,"loc":{"start":{"line":21,"column":7},"end":{"line":28,"column":1}},"locations":[{"start":{"line":21,"column":7},"end":{"line":28,"column":1}}]},"17":{"type":"branch","line":22,"loc":{"start":{"line":22,"column":23},"end":{"line":22,"column":34}},"locations":[{"start":{"line":22,"column":23},"end":{"line":22,"column":34}}]},"18":{"type":"branch","line":22,"loc":{"start":{"line":22,"column":33},"end":{"line":23,"column":23}},"locations":[{"start":{"line":22,"column":33},"end":{"line":23,"column":23}}]},"19":{"type":"branch","line":23,"loc":{"start":{"line":23,"column":23},"end":{"line":28,"column":1}},"locations":[{"start":{"line":23,"column":23},"end":{"line":28,"column":1}}]},"20":{"type":"branch","line":27,"loc":{"start":{"line":27,"column":19},"end":{"line":27,"column":34}},"locations":[{"start":{"line":27,"column":19},"end":{"line":27,"column":34}}]}},"b":{"0":[3],"1":[1],"2":[2],"3":[4],"4":[2],"5":[1],"6":[3],"7":[1],"8":[2],"9":[1],"10":[10],"11":[1],"12":[9],"13":[8],"14":[4],"15":[5],"16":[3],"17":[1],"18":[2],"19":[1],"20":[3]},"fnMap":{"0":{"name":"max","decl":{"start":{"line":2,"column":7},"end":{"line":4,"column":1}},"loc":{"start":{"line":2,"column":7},"end":{"line":4,"column":1}},"line":2},"1":{"name":"fizzBuzz","decl":{"start":{"line":7,"column":7},"end":{"line":12,"column":1}},"loc":{"start":{"line":7,"column":7},"end":{"line":12,"column":1}},"line":7},"2":{"name":"factorial","decl":{"start":{"line":14,"column":7},"end":{"line":19,"column":1}},"loc":{"start":{"line":14,"column":7},"end":{"line":19,"column":1}},"line":14},"3":{"name":"calculateAverage","decl":{"start":{"line":21,"column":7},"end":{"line":28,"column":1}},"loc":{"start":{"line":21,"column":7},"end":{"line":28,"column":1}},"line":21}},"f":{"0":3,"1":4,"2":10,"3":3}}
,"C:\\Users\\youse\\repos\\javascript-test\\src\\mocking.js": {"path":"C:\\Users\\youse\\repos\\javascript-test\\src\\mocking.js","all":true,"statementMap":{"0":{"start":{"line":1,"column":0},"end":{"line":1,"column":49}},"7":{"start":{"line":8,"column":0},"end":{"line":8,"column":26}},"8":{"start":{"line":9,"column":0},"end":{"line":9,"column":53}},"9":{"start":{"line":10,"column":0},"end":{"line":10,"column":48}},"10":{"start":{"line":11,"column":0},"end":{"line":11,"column":22}},"11":{"start":{"line":12,"column":0},"end":{"line":12,"column":1}},"13":{"start":{"line":14,"column":0},"end":{"line":14,"column":11}},"14":{"start":{"line":15,"column":0},"end":{"line":15,"column":46}},"15":{"start":{"line":16,"column":0},"end":{"line":16,"column":46}},"16":{"start":{"line":17,"column":0},"end":{"line":17,"column":44}},"17":{"start":{"line":18,"column":0},"end":{"line":18,"column":71}},"18":{"start":{"line":19,"column":0},"end":{"line":19,"column":1}},"20":{"start":{"line":21,"column":0},"end":{"line":21,"column":30}},"21":{"start":{"line":22,"column":0},"end":{"line":22,"column":36}},"22":{"start":{"line":23,"column":0},"end":{"line":23,"column":25}},"24":{"start":{"line":25,"column":0},"end":{"line":25,"column":30}},"25":{"start":{"line":26,"column":0},"end":{"line":26,"column":1}},"27":{"start":{"line":28,"column":0},"end":{"line":28,"column":11}},"28":{"start":{"line":29,"column":0},"end":{"line":29,"column":54}},"29":{"start":{"line":30,"column":0},"end":{"line":30,"column":68}},"31":{"start":{"line":32,"column":0},"end":{"line":32,"column":40}},"32":{"start":{"line":33,"column":0},"end":{"line":33,"column":54}},"34":{"start":{"line":35,"column":0},"end":{"line":35,"column":27}},"35":{"start":{"line":36,"column":0},"end":{"line":36,"column":1}},"37":{"start":{"line":38,"column":0},"end":{"line":38,"column":26}},"38":{"start":{"line":39,"column":0},"end":{"line":39,"column":37}},"39":{"start":{"line":40,"column":0},"end":{"line":40,"column":41}},"41":{"start":{"line":42,"column":0},"end":{"line":42,"column":44}},"43":{"start":{"line":44,"column":0},"end":{"line":44,"column":14}},"44":{"start":{"line":45,"column":0},"end":{"line":45,"column":1}},"46":{"start":{"line":47,"column":0},"end":{"line":47,"column":30}},"47":{"start":{"line":48,"column":0},"end":{"line":48,"column":36}},"48":{"start":{"line":49,"column":0},"end":{"line":49,"column":39}},"50":{"start":{"line":51,"column":0},"end":{"line":51,"column":42}},"51":{"start":{"line":52,"column":0},"end":{"line":52,"column":1}},"53":{"start":{"line":54,"column":0},"end":{"line":54,"column":24}},"54":{"start":{"line":55,"column":0},"end":{"line":55,"column":28}},"55":{"start":{"line":56,"column":0},"end":{"line":56,"column":33}},"56":{"start":{"line":57,"column":0},"end":{"line":57,"column":39}},"57":{"start":{"line":58,"column":0},"end":{"line":58,"column":44}},"59":{"start":{"line":60,"column":0},"end":{"line":60,"column":53}},"60":{"start":{"line":61,"column":0},"end":{"line":61,"column":1}},"62":{"start":{"line":63,"column":0},"end":{"line":63,"column":11}},"63":{"start":{"line":64,"column":0},"end":{"line":64,"column":31}},"64":{"start":{"line":65,"column":0},"end":{"line":65,"column":27}},"65":{"start":{"line":66,"column":0},"end":{"line":66,"column":75}},"66":{"start":{"line":67,"column":0},"end":{"line":67,"column":34}},"67":{"start":{"line":68,"column":0},"end":{"line":68,"column":1}}},"s":{"0":0,"7":0,"8":0,"9":0,"10":0,"11":0,"13":0,"14":0,"15":0,"16":0,"17":0,"18":0,"20":0,"21":0,"22":0,"24":0,"25":0,"27":0,"28":0,"29":0,"31":0,"32":0,"34":0,"35":0,"37":0,"38":0,"39":0,"41":0,"43":0,"44":0,"46":0,"47":0,"48":0,"50":0,"51":0,"53":0,"54":0,"55":0,"56":0,"57":0,"59":0,"60":0,"62":0,"63":0,"64":0,"65":0,"66":0,"67":0},"branchMap":{"0":{"type":"branch","line":1,"loc":{"start":{"line":1,"column":0},"end":{"line":68,"column":-892}},"locations":[{"start":{"line":1,"column":0},"end":{"line":68,"column":-892}}]}},"b":{"0":[0]},"fnMap":{"0":{"name":"(empty-report)","decl":{"start":{"line":1,"column":0},"end":{"line":68,"column":-892}},"loc":{"start":{"line":1,"column":0},"end":{"line":68,"column":-892}},"line":1}},"f":{"0":0}}
,"C:\\Users\\youse\\repos\\javascript-test\\src\\libs\\analytics.js": {"path":"C:\\Users\\youse\\repos\\javascript-test\\src\\libs\\analytics.js","all":true,"statementMap":{"0":{"start":{"line":1,"column":0},"end":{"line":1,"column":26}},"2":{"start":{"line":3,"column":0},"end":{"line":3,"column":47}},"3":{"start":{"line":4,"column":0},"end":{"line":4,"column":38}},"4":{"start":{"line":5,"column":0},"end":{"line":5,"column":35}},"5":{"start":{"line":6,"column":0},"end":{"line":6,"column":20}},"6":{"start":{"line":7,"column":0},"end":{"line":7,"column":1}}},"s":{"0":0,"2":0,"3":0,"4":0,"5":0,"6":0},"branchMap":{"0":{"type":"branch","line":1,"loc":{"start":{"line":1,"column":0},"end":{"line":7,"column":-62}},"locations":[{"start":{"line":1,"column":0},"end":{"line":7,"column":-62}}]}},"b":{"0":[0]},"fnMap":{"0":{"name":"(empty-report)","decl":{"start":{"line":1,"column":0},"end":{"line":7,"column":-62}},"loc":{"start":{"line":1,"column":0},"end":{"line":7,"column":-62}},"line":1}},"f":{"0":0}}
,"C:\\Users\\youse\\repos\\javascript-test\\src\\libs\\currency.js": {"path":"C:\\Users\\youse\\repos\\javascript-test\\src\\libs\\currency.js","all":true,"statementMap":{"0":{"start":{"line":1,"column":0},"end":{"line":1,"column":46}},"1":{"start":{"line":2,"column":0},"end":{"line":2,"column":60}},"2":{"start":{"line":3,"column":0},"end":{"line":3,"column":23}},"3":{"start":{"line":4,"column":0},"end":{"line":4,"column":2}}},"s":{"0":0,"1":0,"2":0,"3":0},"branchMap":{"0":{"type":"branch","line":1,"loc":{"start":{"line":1,"column":134},"end":{"line":4,"column":2}},"locations":[{"start":{"line":1,"column":134},"end":{"line":4,"column":2}}]}},"b":{"0":[0]},"fnMap":{"0":{"name":"(empty-report)","decl":{"start":{"line":1,"column":134},"end":{"line":4,"column":2}},"loc":{"start":{"line":1,"column":134},"end":{"line":4,"column":2}},"line":1}},"f":{"0":0}}
,"C:\\Users\\youse\\repos\\javascript-test\\src\\libs\\email.js": {"path":"C:\\Users\\youse\\repos\\javascript-test\\src\\libs\\email.js","all":true,"statementMap":{"0":{"start":{"line":1,"column":0},"end":{"line":1,"column":26}},"2":{"start":{"line":3,"column":0},"end":{"line":3,"column":37}},"3":{"start":{"line":4,"column":0},"end":{"line":4,"column":74}},"5":{"start":{"line":6,"column":0},"end":{"line":6,"column":34}},"6":{"start":{"line":7,"column":0},"end":{"line":7,"column":1}},"8":{"start":{"line":9,"column":0},"end":{"line":9,"column":46}},"9":{"start":{"line":10,"column":0},"end":{"line":10,"column":43}},"10":{"start":{"line":11,"column":0},"end":{"line":11,"column":37}},"11":{"start":{"line":12,"column":0},"end":{"line":12,"column":20}},"12":{"start":{"line":13,"column":0},"end":{"line":13,"column":1}}},"s":{"0":0,"2":0,"3":0,"5":0,"6":0,"8":0,"9":0,"10":0,"11":0,"12":0},"branchMap":{"0":{"type":"branch","line":1,"loc":{"start":{"line":1,"column":331},"end":{"line":13,"column":1}},"locations":[{"start":{"line":1,"column":331},"end":{"line":13,"column":1}}]}},"b":{"0":[0]},"fnMap":{"0":{"name":"(empty-report)","decl":{"start":{"line":1,"column":331},"end":{"line":13,"column":1}},"loc":{"start":{"line":1,"column":331},"end":{"line":13,"column":1}},"line":1}},"f":{"0":0}}
,"C:\\Users\\youse\\repos\\javascript-test\\src\\libs\\payment.js": {"path":"C:\\Users\\youse\\repos\\javascript-test\\src\\libs\\payment.js","all":true,"statementMap":{"0":{"start":{"line":1,"column":0},"end":{"line":1,"column":26}},"2":{"start":{"line":3,"column":0},"end":{"line":3,"column":54}},"3":{"start":{"line":4,"column":0},"end":{"line":4,"column":74}},"4":{"start":{"line":5,"column":0},"end":{"line":5,"column":35}},"5":{"start":{"line":6,"column":0},"end":{"line":6,"column":20}},"6":{"start":{"line":7,"column":0},"end":{"line":7,"column":31}},"7":{"start":{"line":8,"column":0},"end":{"line":8,"column":1}}},"s":{"0":0,"2":0,"3":0,"4":0,"5":0,"6":0,"7":0},"branchMap":{"0":{"type":"branch","line":1,"loc":{"start":{"line":1,"column":0},"end":{"line":8,"column":-58}},"locations":[{"start":{"line":1,"column":0},"end":{"line":8,"column":-58}}]}},"b":{"0":[0]},"fnMap":{"0":{"name":"(empty-report)","decl":{"start":{"line":1,"column":0},"end":{"line":8,"column":-58}},"loc":{"start":{"line":1,"column":0},"end":{"line":8,"column":-58}},"line":1}},"f":{"0":0}}
,"C:\\Users\\youse\\repos\\javascript-test\\src\\libs\\security.js": {"path":"C:\\Users\\youse\\repos\\javascript-test\\src\\libs\\security.js","all":true,"statementMap":{"0":{"start":{"line":1,"column":0},"end":{"line":1,"column":32}},"1":{"start":{"line":2,"column":0},"end":{"line":2,"column":68}},"2":{"start":{"line":3,"column":0},"end":{"line":3,"column":1}},"4":{"start":{"line":5,"column":0},"end":{"line":5,"column":16}},"5":{"start":{"line":6,"column":0},"end":{"line":6,"column":15}},"6":{"start":{"line":7,"column":0},"end":{"line":7,"column":2}}},"s":{"0":0,"1":0,"2":0,"4":0,"5":0,"6":0},"branchMap":{"0":{"type":"branch","line":1,"loc":{"start":{"line":1,"column":140},"end":{"line":7,"column":2}},"locations":[{"start":{"line":1,"column":140},"end":{"line":7,"column":2}}]}},"b":{"0":[0]},"fnMap":{"0":{"name":"(empty-report)","decl":{"start":{"line":1,"column":140},"end":{"line":7,"column":2}},"loc":{"start":{"line":1,"column":140},"end":{"line":7,"column":2}},"line":1}},"f":{"0":0}}
,"C:\\Users\\youse\\repos\\javascript-test\\src\\libs\\shipping.js": {"path":"C:\\Users\\youse\\repos\\javascript-test\\src\\libs\\shipping.js","all":true,"statementMap":{"0":{"start":{"line":1,"column":0},"end":{"line":1,"column":47}},"1":{"start":{"line":2,"column":0},"end":{"line":2,"column":64}},"2":{"start":{"line":3,"column":0},"end":{"line":3,"column":56}},"3":{"start":{"line":4,"column":0},"end":{"line":4,"column":1}}},"s":{"0":0,"1":0,"2":0,"3":0},"branchMap":{"0":{"type":"branch","line":1,"loc":{"start":{"line":1,"column":171},"end":{"line":4,"column":1}},"locations":[{"start":{"line":1,"column":171},"end":{"line":4,"column":1}}]}},"b":{"0":[0]},"fnMap":{"0":{"name":"(empty-report)","decl":{"start":{"line":1,"column":171},"end":{"line":4,"column":1}},"loc":{"start":{"line":1,"column":171},"end":{"line":4,"column":1}},"line":1}},"f":{"0":0}}
}
